{"/app/backend/src/app.js": {"path":"/app/backend/src/app.js","statementMap":{"0":{"start":{"line":1,"column":16},"end":{"line":1,"column":34}},"1":{"start":{"line":2,"column":19},"end":{"line":2,"column":49}},"2":{"start":{"line":4,"column":12},"end":{"line":4,"column":21}},"3":{"start":{"line":7,"column":0},"end":{"line":7,"column":24}},"4":{"start":{"line":10,"column":0},"end":{"line":10,"column":37}},"5":{"start":{"line":14,"column":0},"end":{"line":21,"column":3}},"6":{"start":{"line":15,"column":2},"end":{"line":15,"column":27}},"7":{"start":{"line":16,"column":2},"end":{"line":20,"column":5}},"8":{"start":{"line":23,"column":0},"end":{"line":23,"column":21}}},"fnMap":{"0":{"name":"(anonymous_0)","decl":{"start":{"line":14,"column":8},"end":{"line":14,"column":9}},"loc":{"start":{"line":14,"column":33},"end":{"line":21,"column":1}},"line":14}},"branchMap":{"0":{"loc":{"start":{"line":16,"column":13},"end":{"line":16,"column":30}},"type":"binary-expr","locations":[{"start":{"line":16,"column":13},"end":{"line":16,"column":23}},{"start":{"line":16,"column":27},"end":{"line":16,"column":30}}],"line":16},"1":{"loc":{"start":{"line":18,"column":13},"end":{"line":18,"column":51}},"type":"binary-expr","locations":[{"start":{"line":18,"column":13},"end":{"line":18,"column":24}},{"start":{"line":18,"column":28},"end":{"line":18,"column":51}}],"line":18},"2":{"loc":{"start":{"line":19,"column":12},"end":{"line":19,"column":28}},"type":"binary-expr","locations":[{"start":{"line":19,"column":12},"end":{"line":19,"column":22}},{"start":{"line":19,"column":26},"end":{"line":19,"column":28}}],"line":19}},"s":{"0":0,"1":0,"2":0,"3":0,"4":0,"5":0,"6":0,"7":0,"8":0},"f":{"0":0},"b":{"0":[0,0],"1":[0,0],"2":[0,0]}}
,"/app/backend/src/db.js": {"path":"/app/backend/src/db.js","statementMap":{"0":{"start":{"line":1,"column":17},"end":{"line":1,"column":30}},"1":{"start":{"line":2,"column":0},"end":{"line":2,"column":46}},"2":{"start":{"line":4,"column":13},"end":{"line":10,"column":2}},"3":{"start":{"line":12,"column":0},"end":{"line":14,"column":3}},"4":{"start":{"line":13,"column":2},"end":{"line":13,"column":54}},"5":{"start":{"line":16,"column":0},"end":{"line":19,"column":3}},"6":{"start":{"line":17,"column":2},"end":{"line":17,"column":56}},"7":{"start":{"line":18,"column":2},"end":{"line":18,"column":19}},"8":{"start":{"line":21,"column":0},"end":{"line":24,"column":2}},"9":{"start":{"line":22,"column":27},"end":{"line":22,"column":51}}},"fnMap":{"0":{"name":"(anonymous_0)","decl":{"start":{"line":12,"column":19},"end":{"line":12,"column":20}},"loc":{"start":{"line":12,"column":25},"end":{"line":14,"column":1}},"line":12},"1":{"name":"(anonymous_1)","decl":{"start":{"line":16,"column":17},"end":{"line":16,"column":18}},"loc":{"start":{"line":16,"column":26},"end":{"line":19,"column":1}},"line":16},"2":{"name":"(anonymous_2)","decl":{"start":{"line":22,"column":9},"end":{"line":22,"column":10}},"loc":{"start":{"line":22,"column":27},"end":{"line":22,"column":51}},"line":22}},"branchMap":{},"s":{"0":0,"1":0,"2":0,"3":0,"4":0,"5":0,"6":0,"7":0,"8":0,"9":0},"f":{"0":0,"1":0,"2":0},"b":{}}
,"/app/backend/src/server.js": {"path":"/app/backend/src/server.js","statementMap":{"0":{"start":{"line":1,"column":0},"end":{"line":1,"column":46}},"1":{"start":{"line":2,"column":12},"end":{"line":2,"column":28}},"2":{"start":{"line":4,"column":13},"end":{"line":4,"column":37}},"3":{"start":{"line":6,"column":0},"end":{"line":8,"column":3}},"4":{"start":{"line":7,"column":2},"end":{"line":7,"column":80}}},"fnMap":{"0":{"name":"(anonymous_0)","decl":{"start":{"line":6,"column":17},"end":{"line":6,"column":18}},"loc":{"start":{"line":6,"column":23},"end":{"line":8,"column":1}},"line":6}},"branchMap":{"0":{"loc":{"start":{"line":4,"column":13},"end":{"line":4,"column":37}},"type":"binary-expr","locations":[{"start":{"line":4,"column":13},"end":{"line":4,"column":29}},{"start":{"line":4,"column":33},"end":{"line":4,"column":37}}],"line":4}},"s":{"0":0,"1":0,"2":0,"3":0,"4":0},"f":{"0":0},"b":{"0":[0,0]}}
,"/app/backend/src/routes/userRoutes.js": {"path":"/app/backend/src/routes/userRoutes.js","statementMap":{"0":{"start":{"line":1,"column":16},"end":{"line":1,"column":34}},"1":{"start":{"line":2,"column":15},"end":{"line":2,"column":32}},"2":{"start":{"line":3,"column":15},"end":{"line":3,"column":32}},"3":{"start":{"line":4,"column":11},"end":{"line":4,"column":27}},"4":{"start":{"line":5,"column":35},"end":{"line":5,"column":63}},"5":{"start":{"line":6,"column":26},"end":{"line":6,"column":55}},"6":{"start":{"line":8,"column":15},"end":{"line":8,"column":31}},"7":{"start":{"line":11,"column":36},"end":{"line":24,"column":1}},"8":{"start":{"line":26,"column":29},"end":{"line":33,"column":1}},"9":{"start":{"line":36,"column":28},"end":{"line":91,"column":1}},"10":{"start":{"line":37,"column":17},"end":{"line":37,"column":38}},"11":{"start":{"line":38,"column":2},"end":{"line":40,"column":3}},"12":{"start":{"line":39,"column":4},"end":{"line":39,"column":76}},"13":{"start":{"line":42,"column":40},"end":{"line":42,"column":48}},"14":{"start":{"line":44,"column":2},"end":{"line":90,"column":3}},"15":{"start":{"line":45,"column":25},"end":{"line":48,"column":5}},"16":{"start":{"line":50,"column":4},"end":{"line":59,"column":5}},"17":{"start":{"line":51,"column":32},"end":{"line":51,"column":34}},"18":{"start":{"line":52,"column":6},"end":{"line":54,"column":7}},"19":{"start":{"line":52,"column":41},"end":{"line":52,"column":67}},"20":{"start":{"line":53,"column":8},"end":{"line":53,"column":91}},"21":{"start":{"line":55,"column":6},"end":{"line":57,"column":7}},"22":{"start":{"line":55,"column":41},"end":{"line":55,"column":61}},"23":{"start":{"line":56,"column":8},"end":{"line":56,"column":85}},"24":{"start":{"line":58,"column":6},"end":{"line":58,"column":114}},"25":{"start":{"line":61,"column":23},"end":{"line":61,"column":25}},"26":{"start":{"line":62,"column":25},"end":{"line":62,"column":64}},"27":{"start":{"line":63,"column":35},"end":{"line":63,"column":73}},"28":{"start":{"line":64,"column":39},"end":{"line":64,"column":81}},"29":{"start":{"line":66,"column":26},"end":{"line":71,"column":5}},"30":{"start":{"line":73,"column":20},"end":{"line":73,"column":41}},"31":{"start":{"line":75,"column":4},"end":{"line":84,"column":7}},"32":{"start":{"line":86,"column":4},"end":{"line":88,"column":5}},"33":{"start":{"line":87,"column":8},"end":{"line":87,"column":27}},"34":{"start":{"line":89,"column":4},"end":{"line":89,"column":16}},"35":{"start":{"line":93,"column":25},"end":{"line":157,"column":1}},"36":{"start":{"line":94,"column":17},"end":{"line":94,"column":38}},"37":{"start":{"line":95,"column":2},"end":{"line":97,"column":3}},"38":{"start":{"line":96,"column":4},"end":{"line":96,"column":76}},"39":{"start":{"line":99,"column":40},"end":{"line":99,"column":48}},"40":{"start":{"line":101,"column":2},"end":{"line":156,"column":3}},"41":{"start":{"line":102,"column":23},"end":{"line":105,"column":5}},"42":{"start":{"line":107,"column":4},"end":{"line":109,"column":5}},"43":{"start":{"line":108,"column":6},"end":{"line":108,"column":87}},"44":{"start":{"line":111,"column":17},"end":{"line":111,"column":35}},"45":{"start":{"line":112,"column":28},"end":{"line":112,"column":78}},"46":{"start":{"line":114,"column":4},"end":{"line":116,"column":5}},"47":{"start":{"line":115,"column":6},"end":{"line":115,"column":87}},"48":{"start":{"line":118,"column":4},"end":{"line":124,"column":5}},"49":{"start":{"line":119,"column":8},"end":{"line":123,"column":11}},"50":{"start":{"line":125,"column":4},"end":{"line":131,"column":5}},"51":{"start":{"line":126,"column":8},"end":{"line":130,"column":11}},"52":{"start":{"line":133,"column":18},"end":{"line":137,"column":6}},"53":{"start":{"line":139,"column":4},"end":{"line":150,"column":7}},"54":{"start":{"line":152,"column":4},"end":{"line":154,"column":5}},"55":{"start":{"line":153,"column":8},"end":{"line":153,"column":27}},"56":{"start":{"line":155,"column":4},"end":{"line":155,"column":16}},"57":{"start":{"line":160,"column":0},"end":{"line":160,"column":75}},"58":{"start":{"line":161,"column":0},"end":{"line":161,"column":62}},"59":{"start":{"line":163,"column":0},"end":{"line":169,"column":2}}},"fnMap":{"0":{"name":"(anonymous_0)","decl":{"start":{"line":36,"column":28},"end":{"line":36,"column":29}},"loc":{"start":{"line":36,"column":54},"end":{"line":91,"column":1}},"line":36},"1":{"name":"(anonymous_1)","decl":{"start":{"line":52,"column":33},"end":{"line":52,"column":34}},"loc":{"start":{"line":52,"column":41},"end":{"line":52,"column":67}},"line":52},"2":{"name":"(anonymous_2)","decl":{"start":{"line":55,"column":33},"end":{"line":55,"column":34}},"loc":{"start":{"line":55,"column":41},"end":{"line":55,"column":61}},"line":55},"3":{"name":"(anonymous_3)","decl":{"start":{"line":93,"column":25},"end":{"line":93,"column":26}},"loc":{"start":{"line":93,"column":51},"end":{"line":157,"column":1}},"line":93}},"branchMap":{"0":{"loc":{"start":{"line":38,"column":2},"end":{"line":40,"column":3}},"type":"if","locations":[{"start":{"line":38,"column":2},"end":{"line":40,"column":3}},{"start":{},"end":{}}],"line":38},"1":{"loc":{"start":{"line":50,"column":4},"end":{"line":59,"column":5}},"type":"if","locations":[{"start":{"line":50,"column":4},"end":{"line":59,"column":5}},{"start":{},"end":{}}],"line":50},"2":{"loc":{"start":{"line":52,"column":6},"end":{"line":54,"column":7}},"type":"if","locations":[{"start":{"line":52,"column":6},"end":{"line":54,"column":7}},{"start":{},"end":{}}],"line":52},"3":{"loc":{"start":{"line":55,"column":6},"end":{"line":57,"column":7}},"type":"if","locations":[{"start":{"line":55,"column":6},"end":{"line":57,"column":7}},{"start":{},"end":{}}],"line":55},"4":{"loc":{"start":{"line":86,"column":4},"end":{"line":88,"column":5}},"type":"if","locations":[{"start":{"line":86,"column":4},"end":{"line":88,"column":5}},{"start":{},"end":{}}],"line":86},"5":{"loc":{"start":{"line":95,"column":2},"end":{"line":97,"column":3}},"type":"if","locations":[{"start":{"line":95,"column":2},"end":{"line":97,"column":3}},{"start":{},"end":{}}],"line":95},"6":{"loc":{"start":{"line":107,"column":4},"end":{"line":109,"column":5}},"type":"if","locations":[{"start":{"line":107,"column":4},"end":{"line":109,"column":5}},{"start":{},"end":{}}],"line":107},"7":{"loc":{"start":{"line":114,"column":4},"end":{"line":116,"column":5}},"type":"if","locations":[{"start":{"line":114,"column":4},"end":{"line":116,"column":5}},{"start":{},"end":{}}],"line":114},"8":{"loc":{"start":{"line":118,"column":4},"end":{"line":124,"column":5}},"type":"if","locations":[{"start":{"line":118,"column":4},"end":{"line":124,"column":5}},{"start":{},"end":{}}],"line":118},"9":{"loc":{"start":{"line":118,"column":8},"end":{"line":118,"column":73}},"type":"binary-expr","locations":[{"start":{"line":118,"column":8},"end":{"line":118,"column":46}},{"start":{"line":118,"column":50},"end":{"line":118,"column":73}}],"line":118},"10":{"loc":{"start":{"line":125,"column":4},"end":{"line":131,"column":5}},"type":"if","locations":[{"start":{"line":125,"column":4},"end":{"line":131,"column":5}},{"start":{},"end":{}}],"line":125},"11":{"loc":{"start":{"line":152,"column":4},"end":{"line":154,"column":5}},"type":"if","locations":[{"start":{"line":152,"column":4},"end":{"line":154,"column":5}},{"start":{},"end":{}}],"line":152}},"s":{"0":0,"1":0,"2":0,"3":0,"4":0,"5":0,"6":0,"7":0,"8":0,"9":0,"10":0,"11":0,"12":0,"13":0,"14":0,"15":0,"16":0,"17":0,"18":0,"19":0,"20":0,"21":0,"22":0,"23":0,"24":0,"25":0,"26":0,"27":0,"28":0,"29":0,"30":0,"31":0,"32":0,"33":0,"34":0,"35":0,"36":0,"37":0,"38":0,"39":0,"40":0,"41":0,"42":0,"43":0,"44":0,"45":0,"46":0,"47":0,"48":0,"49":0,"50":0,"51":0,"52":0,"53":0,"54":0,"55":0,"56":0,"57":0,"58":0,"59":0},"f":{"0":0,"1":0,"2":0,"3":0},"b":{"0":[0,0],"1":[0,0],"2":[0,0],"3":[0,0],"4":[0,0],"5":[0,0],"6":[0,0],"7":[0,0],"8":[0,0],"9":[0,0],"10":[0,0],"11":[0,0]}}
,"/app/backend/src/utils/jwtHelper.js": {"path":"/app/backend/src/utils/jwtHelper.js","statementMap":{"0":{"start":{"line":1,"column":12},"end":{"line":1,"column":35}},"1":{"start":{"line":2,"column":0},"end":{"line":2,"column":49}},"2":{"start":{"line":9,"column":22},"end":{"line":27,"column":1}},"3":{"start":{"line":10,"column":18},"end":{"line":15,"column":3}},"4":{"start":{"line":17,"column":2},"end":{"line":19,"column":3}},"5":{"start":{"line":18,"column":4},"end":{"line":18,"column":79}},"6":{"start":{"line":20,"column":2},"end":{"line":22,"column":3}},"7":{"start":{"line":21,"column":4},"end":{"line":21,"column":83}},"8":{"start":{"line":24,"column":2},"end":{"line":26,"column":5}},"9":{"start":{"line":29,"column":0},"end":{"line":31,"column":2}}},"fnMap":{"0":{"name":"(anonymous_0)","decl":{"start":{"line":9,"column":22},"end":{"line":9,"column":23}},"loc":{"start":{"line":9,"column":32},"end":{"line":27,"column":1}},"line":9}},"branchMap":{"0":{"loc":{"start":{"line":17,"column":2},"end":{"line":19,"column":3}},"type":"if","locations":[{"start":{"line":17,"column":2},"end":{"line":19,"column":3}},{"start":{},"end":{}}],"line":17},"1":{"loc":{"start":{"line":20,"column":2},"end":{"line":22,"column":3}},"type":"if","locations":[{"start":{"line":20,"column":2},"end":{"line":22,"column":3}},{"start":{},"end":{}}],"line":20}},"s":{"0":0,"1":0,"2":0,"3":0,"4":0,"5":0,"6":0,"7":0,"8":0,"9":0},"f":{"0":0},"b":{"0":[0,0],"1":[0,0]}}
}
